time="2022-05-12T21:23:39+03:00" level=info msg="created router" func="&{{}}()" file="app.go:15"
time="2022-05-12T21:23:51+03:00" level=info msg="created router" func="&{{}}()" file="app.go:15"
time="2022-05-12T21:23:51+03:00" level=info msg="register user handler" func="&{{}}()" file="app.go:18"
time="2022-05-12T21:30:13+03:00" level=info msg="created router" func="&{{}}()" file="app.go:15"
time="2022-05-12T21:30:13+03:00" level=info msg="register user handler" func="&{{}}()" file="app.go:18"
time="2022-05-12T21:31:09+03:00" level=info msg="this is list of Users" func="&{{}}()" file="handler.go:38"
time="2022-05-12T21:31:10+03:00" level=info msg="this is list of Users" func="&{{}}()" file="handler.go:38"
time="2022-05-13T14:50:40+03:00" level=info msg="created router" func="&{{}}()" file="app.go:20"
time="2022-05-13T14:50:40+03:00" level=info msg="Read application configuration" func="&{{}}()" file="config.go:24"
time="2022-05-13T14:50:40+03:00" level=info func="&{{}}()" file="config.go:29"
time="2022-05-13T14:50:40+03:00" level=info msg="config file parsing error: yaml: line 3: mapping values are not allowed in this context" func="&{{}}()" file="config.go:30"
time="2022-05-13T14:50:40+03:00" level=info msg="register user handler" func="&{{}}()" file="app.go:25"
time="2022-05-13T14:50:40+03:00" level=info msg="listen tcp " func="&{{}}()" file="app.go:53"
time="2022-05-13T14:50:40+03:00" level=info msg="server is listening port :" func="&{{}}()" file="app.go:65"
time="2022-05-13T14:51:13+03:00" level=info msg="created router" func="&{{}}()" file="app.go:20"
time="2022-05-13T14:51:13+03:00" level=info msg="Read application configuration" func="&{{}}()" file="config.go:24"
time="2022-05-13T14:51:13+03:00" level=info func="&{{}}()" file="config.go:29"
time="2022-05-13T14:51:13+03:00" level=info msg="config file parsing error: yaml: line 3: mapping values are not allowed in this context" func="&{{}}()" file="config.go:30"
time="2022-05-13T14:51:13+03:00" level=info msg="register user handler" func="&{{}}()" file="app.go:25"
time="2022-05-13T14:51:13+03:00" level=info msg="listen tcp " func="&{{}}()" file="app.go:53"
time="2022-05-13T14:51:13+03:00" level=info msg="server is listening port :" func="&{{}}()" file="app.go:65"
time="2022-05-13T14:54:33+03:00" level=info msg="created router" func="&{{}}()" file="app.go:20"
time="2022-05-13T14:54:33+03:00" level=info msg="Read application configuration" func="&{{}}()" file="config.go:24"
time="2022-05-13T14:54:33+03:00" level=info func="&{{}}()" file="config.go:29"
time="2022-05-13T14:54:33+03:00" level=info msg="open /../../config.yml: no such file or directory" func="&{{}}()" file="config.go:30"
time="2022-05-13T14:54:33+03:00" level=info msg="register user handler" func="&{{}}()" file="app.go:25"
time="2022-05-13T14:54:33+03:00" level=info msg="listen tcp " func="&{{}}()" file="app.go:53"
time="2022-05-13T14:54:33+03:00" level=info msg="server is listening port :" func="&{{}}()" file="app.go:65"
time="2022-05-13T14:54:56+03:00" level=info msg="created router" func="&{{}}()" file="app.go:20"
time="2022-05-13T14:54:56+03:00" level=info msg="Read application configuration" func="&{{}}()" file="config.go:24"
time="2022-05-13T14:54:56+03:00" level=info func="&{{}}()" file="config.go:29"
time="2022-05-13T14:54:56+03:00" level=info msg="open /../config.yml: no such file or directory" func="&{{}}()" file="config.go:30"
time="2022-05-13T14:54:56+03:00" level=info msg="register user handler" func="&{{}}()" file="app.go:25"
time="2022-05-13T14:54:56+03:00" level=info msg="listen tcp " func="&{{}}()" file="app.go:53"
time="2022-05-13T14:54:56+03:00" level=info msg="server is listening port :" func="&{{}}()" file="app.go:65"
time="2022-05-13T14:55:16+03:00" level=info msg="created router" func="&{{}}()" file="app.go:20"
time="2022-05-13T14:55:16+03:00" level=info msg="Read application configuration" func="&{{}}()" file="config.go:24"
time="2022-05-13T14:55:16+03:00" level=info func="&{{}}()" file="config.go:29"
time="2022-05-13T14:55:16+03:00" level=info msg="config file parsing error: yaml: line 3: mapping values are not allowed in this context" func="&{{}}()" file="config.go:30"
time="2022-05-13T14:55:16+03:00" level=info msg="register user handler" func="&{{}}()" file="app.go:25"
time="2022-05-13T14:55:16+03:00" level=info msg="listen tcp " func="&{{}}()" file="app.go:53"
time="2022-05-13T14:55:16+03:00" level=info msg="server is listening port :" func="&{{}}()" file="app.go:65"
time="2022-05-13T14:57:54+03:00" level=info msg="created router" func="&{{}}()" file="app.go:20"
time="2022-05-13T14:57:54+03:00" level=info msg="Read application configuration" func="&{{}}()" file="config.go:24"
time="2022-05-13T14:57:54+03:00" level=info msg="register user handler" func="&{{}}()" file="app.go:25"
time="2022-05-13T14:57:54+03:00" level=info msg="listen tcp " func="&{{}}()" file="app.go:53"
time="2022-05-13T14:57:54+03:00" level=info msg="server is listening port 0.0.0.0:10000" func="&{{}}()" file="app.go:65"
time="2022-05-13T15:00:45+03:00" level=info msg="created router" func="&{{}}()" file="app.go:20"
time="2022-05-13T15:00:45+03:00" level=info msg="Read application configuration" func="&{{}}()" file="config.go:24"
time="2022-05-13T15:00:45+03:00" level=info msg="register user handler" func="&{{}}()" file="app.go:25"
time="2022-05-13T15:00:45+03:00" level=info msg="listen tcp " func="&{{}}()" file="app.go:53"
time="2022-05-13T15:00:45+03:00" level=info msg="server is listening port 0.0.0.0:10000" func="&{{}}()" file="app.go:65"
time="2022-05-13T15:01:57+03:00" level=info msg="this is list of Users" func="&{{}}()" file="handler.go:38"
time="2022-05-13T15:05:28+03:00" level=info msg="created router" func="main.main()" file="app.go:20"
time="2022-05-13T15:05:28+03:00" level=info msg="Read application configuration" func="rest-app/internal/config.GetConfig.func1()" file="config.go:24"
time="2022-05-13T15:05:28+03:00" level=info msg="register user handler" func="main.main()" file="app.go:25"
time="2022-05-13T15:05:28+03:00" level=info msg="listen tcp " func="main.start()" file="app.go:53"
time="2022-05-13T15:05:28+03:00" level=info msg="server is listening port 0.0.0.0:10000" func="main.start()" file="app.go:65"
time="2022-05-13T15:06:52+03:00" level=info msg="created router" func="main.main()" file="app.go:20"
time="2022-05-13T15:06:52+03:00" level=info msg="Read application configuration" func="rest-app/internal/config.GetConfig.func1()" file="config.go:24"
time="2022-05-13T15:06:52+03:00" level=info msg="register user handler" func="main.main()" file="app.go:25"
time="2022-05-13T15:06:52+03:00" level=info msg="create socket" func="main.start()" file="app.go:44"
time="2022-05-13T15:06:52+03:00" level=debug msg="socket path: /private/var/folders/rb/2mymbbtn61380tcgz4_z1f840000gn/T/GoLand/app.sock" func="main.start()" file="app.go:46"
time="2022-05-13T15:06:52+03:00" level=info msg="listen unix socket" func="main.start()" file="app.go:48"
time="2022-05-13T15:06:52+03:00" level=info msg="server is listening port 127.0.0.1:8080" func="main.start()" file="app.go:65"
time="2022-05-13T15:22:24+03:00" level=info msg="created router" func="main.main()" file="app.go:20"
time="2022-05-13T15:22:24+03:00" level=info msg="Read application configuration" func="rest-app/internal/config.GetConfig.func1()" file="config.go:24"
time="2022-05-13T15:22:24+03:00" level=info msg="register user handler" func="main.main()" file="app.go:25"
time="2022-05-13T15:22:24+03:00" level=info msg="detected app path" func="main.start()" file="app.go:40"
time="2022-05-13T15:22:24+03:00" level=info msg="create socket" func="main.start()" file="app.go:45"
time="2022-05-13T15:22:24+03:00" level=info msg="listen unix socket" func="main.start()" file="app.go:48"
time="2022-05-13T15:22:24+03:00" level=info msg="server is listening unix socket /Users/maksympopov/GolandProjects/rest-app/build/app.sock" func="main.start()" file="app.go:51"
time="2022-05-13T15:24:31+03:00" level=info msg="created router" func="main.main()" file="app.go:20"
time="2022-05-13T15:24:46+03:00" level=info msg="Read application configuration" func="rest-app/internal/config.GetConfig.func1()" file="config.go:24"
time="2022-05-13T15:25:20+03:00" level=info msg="created router" func="main.main()" file="app.go:20"
time="2022-05-13T15:25:24+03:00" level=info msg="Read application configuration" func="rest-app/internal/config.GetConfig.func1()" file="config.go:24"
